Build started 2016/9/24 22:45:58.
     1>Project "E:\Code\C++\SFM\MonSFM\MonSFM\MonSFM.vcxproj" on node 2 (Build target(s)).
     1>ClCompile:
         D:\Program Files (x86)\Microsoft Visual Studio 12.0\VC\bin\CL.exe /c /Zi /nologo /W3 /WX- /sdl /O2 /Oi /Oy- /GL /D WIN32 /D NDEBUG /D _CONSOLE /D _LIB /D _UNICODE /D UNICODE /Gm- /EHsc /MD /GS /Gy /fp:precise /Zc:wchar_t /Zc:forScope /Fo"Release\\" /Fd"Release\vc120.pdb" /Gd /TP /analyze- /errorReport:prompt Main.cpp ModelEstimation.cpp
         Main.cpp
         ModelEstimation.cpp
       Link:
         D:\Program Files (x86)\Microsoft Visual Studio 12.0\VC\bin\link.exe /ERRORREPORT:PROMPT /OUT:"E:\Code\C++\SFM\MonSFM\Release\MonSFM.exe" /INCREMENTAL:NO /NOLOGO opencv_calib3d2410.lib opencv_contrib2410.lib opencv_core2410.lib opencv_features2d2410.lib opencv_flann2410.lib opencv_gpu2410.lib opencv_highgui2410.lib opencv_imgproc2410.lib opencv_legacy2410.lib opencv_ml2410.lib opencv_nonfree2410.lib opencv_objdetect2410.lib opencv_ocl2410.lib opencv_photo2410.lib opencv_stitching2410.lib opencv_superres2410.lib opencv_ts2410.lib opencv_video2410.lib opencv_videostab2410.lib kernel32.lib user32.lib gdi32.lib winspool.lib comdlg32.lib advapi32.lib shell32.lib ole32.lib oleaut32.lib uuid.lib odbc32.lib odbccp32.lib /MANIFEST /MANIFESTUAC:"level='asInvoker' uiAccess='false'" /manifest:embed /DEBUG /PDB:"E:\Code\C++\SFM\MonSFM\Release\MonSFM.pdb" /SUBSYSTEM:CONSOLE /OPT:REF /OPT:ICF /LTCG /TLBID:1 /DYNAMICBASE /NXCOMPAT /IMPLIB:"E:\Code\C++\SFM\MonSFM\Release\MonSFM.lib" /MACHINE:X86 /SAFESEH Release\Detector.obj
         Release\Main.obj
         Release\ModelEstimation.obj
         Release\MonoView.obj
         Release\ORBDetector.obj
         Release\SiftDetector.obj
         Release\StereoView.obj
         Generating code
         Finished generating code
         MonSFM.vcxproj -> E:\Code\C++\SFM\MonSFM\Release\MonSFM.exe
     1>Done Building Project "E:\Code\C++\SFM\MonSFM\MonSFM\MonSFM.vcxproj" (Build target(s)).

Build succeeded.

Time Elapsed 00:00:03.11
